<?xml version="1.0" encoding="UTF-8"?>
<!-- Generated by org.testng.reporters.JUnitReportReporter -->
<testsuite hostname="YP1012240LT" failures="0" tests="8" name="com.qa.amazon.tests.LandingPageTest" time="98.008" errors="0" timestamp="2024-05-14T12:12:43 IST" skipped="0">
  <testcase classname="com.qa.amazon.tests.LandingPageTest" name="getLandingPageURLTest" time="16.857"/>
  <testcase classname="com.qa.amazon.tests.LandingPageTest" name="getLandingPageURLTest" time="10.846"/>
  <testcase classname="com.qa.amazon.tests.LandingPageTest" name="verifyHelloSignInText" time="11.453"/>
  <testcase classname="com.qa.amazon.tests.LandingPageTest" name="getLandingPageTitleTest" time="7.544"/>
  <testcase classname="com.qa.amazon.tests.LandingPageTest" name="verifySignInBtnTest" time="8.242"/>
  <testcase classname="com.qa.amazon.tests.LandingPageTest" name="verifySignInBtnTest" time="9.900"/>
  <testcase classname="com.qa.amazon.tests.LandingPageTest" name="verifyHelloSignInText" time="8.397"/>
  <testcase classname="com.qa.amazon.tests.LandingPageTest" name="getLandingPageTitleTest" time="24.769"/>
</testsuite> <!-- com.qa.amazon.tests.LandingPageTest -->
