<?xml version="1.0" encoding="UTF-8"?>
<!-- Generated by org.testng.reporters.JUnitReportReporter -->
<testsuite hostname="YP1012240LT" failures="0" tests="1" name="com.qa.amazon.base.Base" time="11.580" errors="0" timestamp="2024-04-24T13:58:09 IST" skipped="0">
  <testcase classname="com.qa.amazon.base.Base" name="init_driver" time="11.580"/>
</testsuite> <!-- com.qa.amazon.base.Base -->
