<?xml version="1.0" encoding="UTF-8"?>
<!-- Generated by org.testng.reporters.JUnitReportReporter -->
<testsuite hostname="YP1012240LT" failures="0" tests="6" name="com.qa.amazon.tests.LandingPageTest" time="1.836" errors="0" timestamp="2024-05-07T10:25:40 IST" skipped="0">
  <testcase classname="com.qa.amazon.tests.LandingPageTest" name="getLandingPageTitleTest" time="0.995"/>
  <testcase classname="com.qa.amazon.tests.LandingPageTest" name="verifyPresenceOfSignInBtnTest" time="0.138"/>
  <testcase classname="com.qa.amazon.tests.LandingPageTest" name="getLandingPageTitleTest" time="0.272"/>
  <testcase classname="com.qa.amazon.tests.LandingPageTest" name="verifyPresenceOfSignInBtnTest" time="0.285"/>
  <testcase classname="com.qa.amazon.tests.LandingPageTest" name="getLandingPageURLTest" time="0.119"/>
  <testcase classname="com.qa.amazon.tests.LandingPageTest" name="getLandingPageURLTest" time="0.027"/>
</testsuite> <!-- com.qa.amazon.tests.LandingPageTest -->
