<?xml version="1.0" encoding="UTF-8"?>
<!-- Generated by org.testng.reporters.JUnitReportReporter -->
<testsuite hostname="YP1012240LT" failures="0" tests="6" name="com.qa.amazon.tests.LandingPageTest" time="0.944" errors="0" timestamp="2024-05-06T21:15:56 IST" skipped="0">
  <testcase classname="com.qa.amazon.tests.LandingPageTest" name="getLandingPageURLTest" time="0.022"/>
  <testcase classname="com.qa.amazon.tests.LandingPageTest" name="verifyPresenceOfSignInBtnTest" time="0.116"/>
  <testcase classname="com.qa.amazon.tests.LandingPageTest" name="getLandingPageTitleTest" time="0.236"/>
  <testcase classname="com.qa.amazon.tests.LandingPageTest" name="verifyPresenceOfSignInBtnTest" time="0.109"/>
  <testcase classname="com.qa.amazon.tests.LandingPageTest" name="getLandingPageTitleTest" time="0.389"/>
  <testcase classname="com.qa.amazon.tests.LandingPageTest" name="getLandingPageURLTest" time="0.072"/>
</testsuite> <!-- com.qa.amazon.tests.LandingPageTest -->
