<?xml version="1.0" encoding="UTF-8"?>
<!-- Generated by org.testng.reporters.JUnitReportReporter -->
<testsuite hostname="YP1012240LT" failures="0" tests="2" name="com.qa.amazon.tests.LandingPageTest" time="0.978" errors="0" timestamp="2024-04-29T13:52:46 IST" skipped="0">
  <testcase classname="com.qa.amazon.tests.LandingPageTest" name="getLandingPageTitleTest" time="0.947"/>
  <testcase classname="com.qa.amazon.tests.LandingPageTest" name="getLandingPageURLTest" time="0.031"/>
</testsuite> <!-- com.qa.amazon.tests.LandingPageTest -->
