<?xml version="1.0" encoding="UTF-8"?>
<!-- Generated by org.testng.reporters.JUnitReportReporter -->
<testsuite hostname="YP1012240LT" failures="0" tests="8" name="com.qa.amazon.tests.LandingPageTest" time="2.154" errors="0" timestamp="2024-05-27T16:21:17 IST" skipped="0">
  <testcase classname="com.qa.amazon.tests.LandingPageTest" name="getLandingPageURLTest" time="0.035"/>
  <testcase classname="com.qa.amazon.tests.LandingPageTest" name="verifySignInBtnTest" time="0.547"/>
  <testcase classname="com.qa.amazon.tests.LandingPageTest" name="verifyHelloSignInText" time="0.135"/>
  <testcase classname="com.qa.amazon.tests.LandingPageTest" name="getLandingPageTitleTest" time="0.058"/>
  <testcase classname="com.qa.amazon.tests.LandingPageTest" name="getLandingPageTitleTest" time="0.551"/>
  <testcase classname="com.qa.amazon.tests.LandingPageTest" name="verifySignInBtnTest" time="0.640"/>
  <testcase classname="com.qa.amazon.tests.LandingPageTest" name="verifyHelloSignInText" time="0.139"/>
  <testcase classname="com.qa.amazon.tests.LandingPageTest" name="getLandingPageURLTest" time="0.049"/>
</testsuite> <!-- com.qa.amazon.tests.LandingPageTest -->
