<?xml version="1.0" encoding="UTF-8"?>
<!-- Generated by org.testng.reporters.JUnitReportReporter -->
<testsuite hostname="YP1012240LT" failures="0" tests="8" name="com.qa.amazon.tests.LandingPageTest" time="101.193" errors="0" timestamp="2024-05-09T13:17:46 IST" skipped="0">
  <testcase classname="com.qa.amazon.tests.LandingPageTest" name="getLandingPageURLTest" time="9.441"/>
  <testcase classname="com.qa.amazon.tests.LandingPageTest" name="verifyHelloSignInText" time="7.912"/>
  <testcase classname="com.qa.amazon.tests.LandingPageTest" name="verifySignInBtnTest" time="13.514"/>
  <testcase classname="com.qa.amazon.tests.LandingPageTest" name="verifySignInBtnTest" time="14.810"/>
  <testcase classname="com.qa.amazon.tests.LandingPageTest" name="getLandingPageTitleTest" time="18.458"/>
  <testcase classname="com.qa.amazon.tests.LandingPageTest" name="getLandingPageTitleTest" time="10.464"/>
  <testcase classname="com.qa.amazon.tests.LandingPageTest" name="verifyHelloSignInText" time="18.022"/>
  <testcase classname="com.qa.amazon.tests.LandingPageTest" name="getLandingPageURLTest" time="8.572"/>
</testsuite> <!-- com.qa.amazon.tests.LandingPageTest -->
