<?xml version="1.0" encoding="UTF-8"?>
<!-- Generated by org.testng.reporters.JUnitReportReporter -->
<testsuite hostname="YP1012240LT" failures="0" tests="8" name="com.qa.amazon.tests.LandingPageTest" time="71.372" errors="0" timestamp="2024-05-15T08:47:26 IST" skipped="0">
  <testcase classname="com.qa.amazon.tests.LandingPageTest" name="verifySignInBtnTest" time="9.732"/>
  <testcase classname="com.qa.amazon.tests.LandingPageTest" name="getLandingPageURLTest" time="12.793"/>
  <testcase classname="com.qa.amazon.tests.LandingPageTest" name="verifySignInBtnTest" time="6.524"/>
  <testcase classname="com.qa.amazon.tests.LandingPageTest" name="verifyHelloSignInText" time="9.050"/>
  <testcase classname="com.qa.amazon.tests.LandingPageTest" name="getLandingPageTitleTest" time="10.362"/>
  <testcase classname="com.qa.amazon.tests.LandingPageTest" name="getLandingPageTitleTest" time="7.775"/>
  <testcase classname="com.qa.amazon.tests.LandingPageTest" name="getLandingPageURLTest" time="5.497"/>
  <testcase classname="com.qa.amazon.tests.LandingPageTest" name="verifyHelloSignInText" time="9.639"/>
</testsuite> <!-- com.qa.amazon.tests.LandingPageTest -->
